<?xml version="1.0" encoding="UTF-8"?>
<!-- Generated by org.testng.reporters.JUnitReportReporter -->
<testsuite hostname="ADMIN-PC" failures="0" tests="1" name="Classes.ActionsClass" time="23.324" errors="0" timestamp="17 Nov 2020 02:14:17 GMT">
  <testcase classname="Classes.ActionsClass" name="Mouseover" time="23.324"/>
</testsuite> <!-- Classes.ActionsClass -->
