<?xml version="1.0" encoding="UTF-8"?>
<!-- Generated by org.testng.reporters.JUnitReportReporter -->
<testsuite hostname="ADMIN-PC" failures="0" tests="1" name="Classes.writedata" time="1.472" errors="0" timestamp="21 Nov 2020 05:41:54 GMT">
  <testcase classname="Classes.writedata" name="writedataintoexcel" time="1.472"/>
</testsuite> <!-- Classes.writedata -->
